<?xml version="1.0" encoding="UTF-8"?>
<!-- Generated by org.testng.reporters.JUnitReportReporter -->
<testsuite skipped="0" hostname="RaselPC" name="api.runner.runner" tests="1" failures="0" timestamp="31 Mar 2023 22:35:40 GMT" time="1.937" errors="0">
  <testcase name="runScenario" time="1.937" classname="api.runner.runner"/>
</testsuite> <!-- api.runner.runner -->
