<?xml version="1.0" encoding="UTF-8"?>
<!-- Generated by org.testng.reporters.JUnitReportReporter -->
<testsuite skipped="0" hostname="RaselPC" name="APIPractice.api_read_data" tests="4" failures="0" timestamp="31 Mar 2023 22:00:14 GMT" time="0.048" errors="0">
  <testcase name="checkbody" time="0.023" classname="APIPractice.api_read_data"/>
  <testcase name="checkstatuscode" time="0.015" classname="APIPractice.api_read_data"/>
  <testcase name="checkcontenttype" time="0.004" classname="APIPractice.api_read_data"/>
  <testcase name="checkresponsetime" time="0.006" classname="APIPractice.api_read_data"/>
</testsuite> <!-- APIPractice.api_read_data -->
