<?xml version="1.0" encoding="UTF-8"?>
<!-- Generated by org.testng.reporters.JUnitReportReporter -->
<testsuite skipped="0" hostname="RaselPC" name="com.richman.runner.Runner" tests="1" failures="0" timestamp="31 Mar 2023 15:42:34 GMT" time="18.349" errors="0">
  <testcase name="runScenario" time="18.349" classname="com.richman.runner.Runner"/>
</testsuite> <!-- com.richman.runner.Runner -->
