<?xml version="1.0" encoding="UTF-8"?>
<!-- Generated by org.testng.reporters.JUnitReportReporter -->
<testsuite skipped="0" hostname="RaselPC" name="com.practice.API.practiceAPI" tests="1" failures="0" timestamp="13 Dec 2022 02:31:01 GMT" time="2.683" errors="0">
  <testcase name="getRequist" time="2.683" classname="com.practice.API.practiceAPI"/>
</testsuite> <!-- com.practice.API.practiceAPI -->
