<?xml version="1.0" encoding="UTF-8"?>
<!-- Generated by org.testng.reporters.JUnitReportReporter -->
<testsuite skipped="0" hostname="RaselPC" name="com.yellow.testNG.TestNGpractice" tests="1" failures="0" timestamp="10 Dec 2022 03:31:00 GMT" time="2.460" errors="0">
  <testcase name="validationPractice" time="2.460" classname="com.yellow.testNG.TestNGpractice"/>
</testsuite> <!-- com.yellow.testNG.TestNGpractice -->
