<?xml version="1.0" encoding="UTF-8"?>
<!-- Generated by org.testng.reporters.JUnitReportReporter -->
<testsuite skipped="0" hostname="RaselPC" name="UnitTesting_API.common_functions" tests="1" failures="0" timestamp="30 Apr 2023 00:54:32 GMT" time="5.355" errors="0">
  <testcase name="getMethod" time="5.355" classname="UnitTesting_API.common_functions"/>
</testsuite> <!-- UnitTesting_API.common_functions -->
